info it worked if it ends with ok
verbose cli [ 'node',
verbose cli   '/home/sid/opt/bin/npm',
verbose cli   'install',
verbose cli   'node-mongodb' ]
info using npm@1.0.6
info using node@v0.5.0-pre
verbose config file /home/sid/.npmrc
verbose config file /home/sid/opt/etc/npmrc
silly testEngine { name: 'express',
silly testEngine   description: 'Sinatra inspired web development framework',
silly testEngine   version: '2.3.9',
silly testEngine   author: 
silly testEngine    { name: 'TJ Holowaychuk',
silly testEngine      email: 'tj@vision-media.ca' },
silly testEngine   contributors: 
silly testEngine    [ { name: 'TJ Holowaychuk',
silly testEngine        email: 'tj@vision-media.ca' },
silly testEngine      { name: 'Aaron Heckmann',
silly testEngine        email: 'aaron.heckmann+github@gmail.com' },
silly testEngine      { name: 'Ciaran Jessup', email: 'ciaranj@gmail.com' },
silly testEngine      { name: 'Guillermo Rauch', email: 'rauchg@gmail.com' } ],
silly testEngine   dependencies: 
silly testEngine    { connect: '>= 1.4.1 < 2.0.0',
silly testEngine      mime: '>= 0.0.1',
silly testEngine      qs: '>= 0.0.6' },
silly testEngine   devDependencies: 
silly testEngine    { 'connect-form': '0.2.1',
silly testEngine      ejs: '0.4.2',
silly testEngine      expresso: '0.7.2',
silly testEngine      hamljs: '0.5.1',
silly testEngine      jade: '0.11.0',
silly testEngine      stylus: '0.13.0',
silly testEngine      should: '0.2.1',
silly testEngine      'express-messages': '0.0.2',
silly testEngine      'node-markdown': '>= 0.0.1',
silly testEngine      'connect-redis': '>= 0.0.1' },
silly testEngine   keywords: [ 'framework', 'sinatra', 'web', 'rest', 'restful' ],
silly testEngine   repository: 
silly testEngine    { type: 'git',
silly testEngine      url: 'git://github.com/visionmedia/express.git' },
silly testEngine   main: 'index',
silly testEngine   bin: { express: './bin/express' },
silly testEngine   engines: { node: '>= 0.4.1 < 0.5.0' },
silly testEngine   _id: 'express@2.3.9',
silly testEngine   _engineSupported: true,
silly testEngine   _npmVersion: '1.0.6',
silly testEngine   _nodeVersion: 'v0.5.0-pre',
silly testEngine   _defaultsLoaded: true }
verbose caching /media/dev/workspace/tweetmachine/node_modules/express/package.json
verbose loadDefaults express@2.3.9
silly testEngine { name: 'node-inspector',
silly testEngine   version: '0.1.6',
silly testEngine   description: 'Web Inspector based nodeJS debugger',
silly testEngine   homepage: 'http://github.com/dannycoates/node-inspector',
silly testEngine   author: 
silly testEngine    { name: 'Danny Coates',
silly testEngine      email: 'dannycoates@gmail.com' },
silly testEngine   keywords: [ 'debugger', 'inspector' ],
silly testEngine   engines: { node: '>=0.3.0' },
silly testEngine   bin: { 'node-inspector': './bin/inspector.js' },
silly testEngine   dependencies: {},
silly testEngine   devDependencies: {},
silly testEngine   _id: 'node-inspector@0.1.6',
silly testEngine   _engineSupported: true,
silly testEngine   _npmVersion: '1.0.6',
silly testEngine   _nodeVersion: 'v0.5.0-pre',
silly testEngine   _defaultsLoaded: true }
verbose caching /media/dev/workspace/tweetmachine/node_modules/node-inspector/package.json
verbose loadDefaults node-inspector@0.1.6
silly testEngine { name: 'jade',
silly testEngine   description: 'Jade template engine',
silly testEngine   version: '0.11.0',
silly testEngine   author: 
silly testEngine    { name: 'TJ Holowaychuk',
silly testEngine      email: 'tj@vision-media.ca' },
silly testEngine   repository: 
silly testEngine    { type: 'git',
silly testEngine      url: 'git://github.com/visionmedia/jade.git' },
silly testEngine   main: './index.js',
silly testEngine   bin: { jade: './bin/jade' },
silly testEngine   engines: { node: '>= 0.1.98' },
silly testEngine   dependencies: {},
silly testEngine   devDependencies: {},
silly testEngine   _id: 'jade@0.11.0',
silly testEngine   _engineSupported: true,
silly testEngine   _npmVersion: '1.0.6',
silly testEngine   _nodeVersion: 'v0.5.0-pre',
silly testEngine   _defaultsLoaded: true }
verbose caching /media/dev/workspace/tweetmachine/node_modules/jade/package.json
verbose loadDefaults jade@0.11.0
verbose into /media/dev/workspace/tweetmachine [ 'node-mongodb' ]
verbose cache add [ 'node-mongodb', null ]
info addNamed [ 'node-mongodb', '' ]
verbose addNamed [ null, '' ]
verbose GET node-mongodb
verbose raw, before any munging node-mongodb
verbose url resolving [ 'http://registry.npmjs.org/', './node-mongodb' ]
verbose url resolved http://registry.npmjs.org/node-mongodb
verbose url parsed { protocol: 'http:',
verbose url parsed   slashes: true,
verbose url parsed   host: 'registry.npmjs.org',
verbose url parsed   hostname: 'registry.npmjs.org',
verbose url parsed   href: 'http://registry.npmjs.org/node-mongodb',
verbose url parsed   pathname: '/node-mongodb' }
verbose response http://registry.npmjs.org/node-mongodb
silly chunk {"error":"not_found","reason":"document not found"}
silly chunk 
silly get cb [ 404,
silly get cb   { server: 'CouchDB/1.0.2 (Erlang OTP/R14B)',
silly get cb     date: 'Thu, 26 May 2011 22:36:20 GMT',
silly get cb     'content-type': 'application/json',
silly get cb     'content-length': '52',
silly get cb     'cache-control': 'must-revalidate' } ]
ERR! 404 'node-mongodb' is not in the npm registry.
ERR! 404 You should bug the author to publish it.
ERR! 404 Note that you can also install from a tarball or folder.
ERR! 
ERR! System Linux 2.6.35-28-generic
ERR! command "node" "/home/sid/opt/bin/npm" "install" "node-mongodb"
verbose exit [ 1, true ]
